<?xml version="1.0" encoding="UTF-8"?>
<!-- Generated by org.testng.reporters.JUnitReportReporter -->
<testsuite hostname="Pedros" failures="0" tests="2" name="variousConcepts.LearnDataProvider" time="20.409" errors="0" timestamp="11 Jun 2024 23:39:45 GMT" skipped="0">
  <testcase classname="variousConcepts.LearnDataProvider" name="loginTest" time="12.191"/>
  <testcase classname="variousConcepts.LearnDataProvider" name="loginTest" time="8.218"/>
</testsuite> <!-- variousConcepts.LearnDataProvider -->
